@package    TeamSpeak 3 Style
@author     Alexandr Musikhin 'tophackr' <tphkr@ya.ru>
@link       https://tophackr.com

=== 1.2.1 - 12.12.2017

- Removed license icon in serverinfo.tpl  
+ Added line License  
* Fix colors slash in serverinfo.tpl and channelinfo.tpl  
* Update conditions LICENSE

=== 1.2 - 11.12.2017

- Removing channelinfo_ru.tpl
- Removing status icons
* Renaming ChangeLog.txt to change.log
* Minor changes

=== 1.1 - 05.12.2017

+ Added ChangeLog.txt in style path
* Move main styles in another file
* Fix status icon for other languages in channelinfo.tpl
* Fix license icon for other languages in serverinfo.tpl

=== 1.0 - 27.10.2017

+ First Release